{"timestamp":"2025-07-12T18:14:28.337175","level":"info","event":"DAG bundles loaded: dags-folder","logger":"airflow.dag_processing.bundles.manager.DagBundlesManager"}
{"timestamp":"2025-07-12T18:14:28.338551","level":"info","event":"Filling up the DagBag from /opt/airflow/dags/dag.py","logger":"airflow.models.dagbag.DagBag"}
{"timestamp":"2025-07-12T18:14:29.091836","level":"info","event":"Secrets backends loaded for worker","count":1,"backend_classes":["EnvironmentVariablesBackend"],"logger":"supervisor"}
{"timestamp":"2025-07-12T18:14:30.421589","level":"info","event":"Connection Retrieved 'sqlserver_origen'","logger":"airflow.hooks.base"}
{"timestamp":"2025-07-12T18:14:30.440405","level":"info","event":"Secrets backends loaded for worker","count":1,"backend_classes":["EnvironmentVariablesBackend"],"logger":"supervisor"}
{"timestamp":"2025-07-12T18:14:30.479032","level":"info","event":"Connection Retrieved 'sqlserver_destino'","logger":"airflow.hooks.base"}
{"timestamp":"2025-07-12T18:14:30.481289Z","level":"info","event":"Extrayendo datos modificados desde la tabla: Sales.SalesOrderDetail","chan":"stdout","logger":"task"}
{"timestamp":"2025-07-12T18:14:45.129708Z","level":"info","event":"Columnas devueltas: ['id', 'HashFila', 'fecha', 'tabla']","chan":"stdout","logger":"task"}
{"timestamp":"2025-07-12T18:14:45.131478Z","level":"info","event":"Filas extraídas: 1","chan":"stdout","logger":"task"}
{"timestamp":"2025-07-12T18:14:45.417248","level":"info","event":"Done. Returned value was: None","logger":"airflow.task.operators.airflow.providers.standard.operators.python.PythonOperator"}
{"timestamp":"2025-07-13T16:56:26.738447","level":"info","event":"DAG bundles loaded: dags-folder","logger":"airflow.dag_processing.bundles.manager.DagBundlesManager"}
{"timestamp":"2025-07-13T16:56:26.739967","level":"info","event":"Filling up the DagBag from /opt/airflow/dags/dag.py","logger":"airflow.models.dagbag.DagBag"}
{"timestamp":"2025-07-13T16:56:27.323527","level":"info","event":"Secrets backends loaded for worker","count":1,"backend_classes":["EnvironmentVariablesBackend"],"logger":"supervisor"}
{"timestamp":"2025-07-13T16:56:27.412178","level":"info","event":"Connection Retrieved 'sqlserver_origen'","logger":"airflow.hooks.base"}
{"timestamp":"2025-07-13T16:56:27.413022","level":"info","event":"Obtenemos la conexión","logger":"root"}
{"timestamp":"2025-07-13T16:56:27.421756","level":"info","event":"Secrets backends loaded for worker","count":1,"backend_classes":["EnvironmentVariablesBackend"],"logger":"supervisor"}
{"timestamp":"2025-07-13T16:56:27.438427","level":"info","event":"Connection Retrieved 'sqlserver_destino'","logger":"airflow.hooks.base"}
{"timestamp":"2025-07-13T16:56:27.438703","level":"info","event":"Obtenemos la conexión","logger":"root"}
{"timestamp":"2025-07-13T16:56:27.440133Z","level":"info","event":"Extrayendo datos modificados desde la tabla: Sales.SalesOrderDetail","chan":"stdout","logger":"task"}
{"timestamp":"2025-07-13T16:56:27.439516","level":"info","event":"datos comparados","logger":"root"}
{"timestamp":"2025-07-13T16:56:28.592742","level":"info","event":"Columnas devueltas: ['id', 'HashFila', 'fecha', 'tabla']","logger":"root"}
{"timestamp":"2025-07-13T16:56:28.593180","level":"info","event":"Filas extraídas: 1","logger":"root"}
{"timestamp":"2025-07-13T16:56:28.810270","level":"info","event":"Done. Returned value was: None","logger":"airflow.task.operators.airflow.providers.standard.operators.python.PythonOperator"}
